# JRE version: Java(TM) SE Runtime Environment (9.0-b81) (build 1.9.0-ea-b81)
# Java VM: Java HotSpot(TM) 64-Bit Server VM (1.9.0-ea-b81, mixed mode, tiered, compressed oops, g1 gc, linux-amd64)
Heap:
 garbage-first heap   total 126976K, used 78140K [0x0000000084a00000, 0x0000000084b003e0, 0x0000000100000000)
  region size 1024K, 60 young (61440K), 3 survivors (3072K)
 Metaspace       used 53360K, capacity 57784K, committed 57984K, reserved 1093632K
  class space    used 11554K, capacity 13347K, committed 13440K, reserved 1048576K
GC Heap History (10 events):
Event: 5,524 GC heap before
{Heap before GC invocations=8 (full 0):
 garbage-first heap   total 126976K, used 87679K [0x0000000084a00000, 0x0000000084b003e0, 0x0000000100000000)
  region size 1024K, 74 young (75776K), 2 survivors (2048K)
 Metaspace       used 38039K, capacity 39936K, committed 40192K, reserved 1081344K
  class space    used 7820K, capacity 8406K, committed 8448K, reserved 1048576K
Event: 5,537 GC heap after
Heap after GC invocations=9 (full 0):
 garbage-first heap   total 126976K, used 16127K [0x0000000084a00000, 0x0000000084b003e0, 0x0000000100000000)
  region size 1024K, 4 young (4096K), 4 survivors (4096K)
 Metaspace       used 38039K, capacity 39936K, committed 40192K, reserved 1081344K
  class space    used 7820K, capacity 8406K, committed 8448K, reserved 1048576K
}
Event: 6,480 GC heap before
{Heap before GC invocations=9 (full 0):
 garbage-first heap   total 126976K, used 87807K [0x0000000084a00000, 0x0000000084b003e0, 0x0000000100000000)
  region size 1024K, 74 young (75776K), 4 survivors (4096K)
 Metaspace       used 40118K, capacity 43440K, committed 43776K, reserved 1083392K
  class space    used 8435K, capacity 9601K, committed 9728K, reserved 1048576K
Event: 6,488 GC heap after
Heap after GC invocations=10 (full 0):
 garbage-first heap   total 126976K, used 16511K [0x0000000084a00000, 0x0000000084b003e0, 0x0000000100000000)
  region size 1024K, 4 young (4096K), 4 survivors (4096K)
 Metaspace       used 40118K, capacity 43440K, committed 43776K, reserved 1083392K
  class space    used 8435K, capacity 9601K, committed 9728K, reserved 1048576K
}
Event: 7,804 GC heap before
{Heap before GC invocations=10 (full 0):
 garbage-first heap   total 126976K, used 88191K [0x0000000084a00000, 0x0000000084b003e0, 0x0000000100000000)
  region size 1024K, 74 young (75776K), 4 survivors (4096K)
 Metaspace       used 46544K, capacity 49904K, committed 50176K, reserved 1087488K
  class space    used 9990K, capacity 11177K, committed 11264K, reserved 1048576K
Event: 7,825 GC heap after
Heap after GC invocations=11 (full 0):
 garbage-first heap   total 126976K, used 22015K [0x0000000084a00000, 0x0000000084b003e0, 0x0000000100000000)
  region size 1024K, 9 young (9216K), 9 survivors (9216K)
 Metaspace       used 46544K, capacity 49904K, committed 50176K, reserved 1087488K
  class space    used 9990K, capacity 11177K, committed 11264K, reserved 1048576K
}
Event: 9,060 GC heap before
{Heap before GC invocations=11 (full 0):
 garbage-first heap   total 126976K, used 88575K [0x0000000084a00000, 0x0000000084b003e0, 0x0000000100000000)
  region size 1024K, 74 young (75776K), 9 survivors (9216K)
 Metaspace       used 51685K, capacity 55326K, committed 55424K, reserved 1091584K
  class space    used 11137K, capacity 12403K, committed 12416K, reserved 1048576K
Event: 9,086 GC heap after
Heap after GC invocations=12 (full 0):
 garbage-first heap   total 126976K, used 22716K [0x0000000084a00000, 0x0000000084b003e0, 0x0000000100000000)
  region size 1024K, 5 young (5120K), 5 survivors (5120K)
 Metaspace       used 51685K, capacity 55326K, committed 55424K, reserved 1091584K
  class space    used 11137K, capacity 12403K, committed 12416K, reserved 1048576K
}
Event: 107,752 GC heap before
{Heap before GC invocations=12 (full 0):
 garbage-first heap   total 126976K, used 93372K [0x0000000084a00000, 0x0000000084b003e0, 0x0000000100000000)
  region size 1024K, 74 young (75776K), 5 survivors (5120K)
 Metaspace       used 53010K, capacity 57154K, committed 57344K, reserved 1093632K
  class space    used 11429K, capacity 13009K, committed 13056K, reserved 1048576K
Event: 107,762 GC heap after
Heap after GC invocations=13 (full 0):
 garbage-first heap   total 126976K, used 20796K [0x0000000084a00000, 0x0000000084b003e0, 0x0000000100000000)
  region size 1024K, 3 young (3072K), 3 survivors (3072K)
 Metaspace       used 53010K, capacity 57154K, committed 57344K, reserved 1093632K
  class space    used 11429K, capacity 13009K, committed 13056K, reserved 1048576K
}

