# JRE version: Java(TM) SE Runtime Environment (9.0-b81) (build 1.9.0-ea-b81)
# Java VM: Java HotSpot(TM) 64-Bit Server VM (1.9.0-ea-b81, mixed mode, tiered, compressed oops, g1 gc, linux-amd64)
Heap:
 garbage-first heap   total 126976K, used 39508K [0x0000000084a00000, 0x0000000084b003e0, 0x0000000100000000)
  region size 1024K, 23 young (23552K), 4 survivors (4096K)
 Metaspace       used 53432K, capacity 58076K, committed 58112K, reserved 1093632K
  class space    used 11629K, capacity 13567K, committed 13568K, reserved 1048576K
GC Heap History (10 events):
Event: 9,200 GC heap before
{Heap before GC invocations=8 (full 0):
 garbage-first heap   total 126976K, used 88703K [0x0000000084a00000, 0x0000000084b003e0, 0x0000000100000000)
  region size 1024K, 74 young (75776K), 1 survivors (1024K)
 Metaspace       used 38029K, capacity 39866K, committed 39936K, reserved 1081344K
  class space    used 7819K, capacity 8404K, committed 8448K, reserved 1048576K
Event: 9,215 GC heap after
Heap after GC invocations=9 (full 0):
 garbage-first heap   total 126976K, used 16255K [0x0000000084a00000, 0x0000000084b003e0, 0x0000000100000000)
  region size 1024K, 4 young (4096K), 4 survivors (4096K)
 Metaspace       used 38029K, capacity 39866K, committed 39936K, reserved 1081344K
  class space    used 7819K, capacity 8404K, committed 8448K, reserved 1048576K
}
Event: 10,737 GC heap before
{Heap before GC invocations=9 (full 0):
 garbage-first heap   total 126976K, used 87935K [0x0000000084a00000, 0x0000000084b003e0, 0x0000000100000000)
  region size 1024K, 74 young (75776K), 4 survivors (4096K)
 Metaspace       used 40079K, capacity 43324K, committed 43520K, reserved 1083392K
  class space    used 8438K, capacity 9605K, committed 9728K, reserved 1048576K
Event: 10,748 GC heap after
Heap after GC invocations=10 (full 0):
 garbage-first heap   total 126976K, used 16535K [0x0000000084a00000, 0x0000000084b003e0, 0x0000000100000000)
  region size 1024K, 4 young (4096K), 4 survivors (4096K)
 Metaspace       used 40079K, capacity 43324K, committed 43520K, reserved 1083392K
  class space    used 8438K, capacity 9605K, committed 9728K, reserved 1048576K
}
Event: 12,727 GC heap before
{Heap before GC invocations=10 (full 0):
 garbage-first heap   total 126976K, used 88215K [0x0000000084a00000, 0x0000000084b003e0, 0x0000000100000000)
  region size 1024K, 74 young (75776K), 4 survivors (4096K)
 Metaspace       used 46433K, capacity 49756K, committed 50176K, reserved 1087488K
  class space    used 9982K, capacity 11149K, committed 11264K, reserved 1048576K
Event: 12,752 GC heap after
Heap after GC invocations=11 (full 0):
 garbage-first heap   total 126976K, used 22164K [0x0000000084a00000, 0x0000000084b003e0, 0x0000000100000000)
  region size 1024K, 9 young (9216K), 9 survivors (9216K)
 Metaspace       used 46433K, capacity 49756K, committed 50176K, reserved 1087488K
  class space    used 9982K, capacity 11149K, committed 11264K, reserved 1048576K
}
Event: 14,668 GC heap before
{Heap before GC invocations=11 (full 0):
 garbage-first heap   total 126976K, used 88724K [0x0000000084a00000, 0x0000000084b003e0, 0x0000000100000000)
  region size 1024K, 74 young (75776K), 9 survivors (9216K)
 Metaspace       used 51567K, capacity 55206K, committed 55424K, reserved 1091584K
  class space    used 11123K, capacity 12407K, committed 12416K, reserved 1048576K
Event: 14,692 GC heap after
Heap after GC invocations=12 (full 0):
 garbage-first heap   total 126976K, used 22886K [0x0000000084a00000, 0x0000000084b003e0, 0x0000000100000000)
  region size 1024K, 5 young (5120K), 5 survivors (5120K)
 Metaspace       used 51567K, capacity 55206K, committed 55424K, reserved 1091584K
  class space    used 11123K, capacity 12407K, committed 12416K, reserved 1048576K
}
Event: 90,333 GC heap before
{Heap before GC invocations=12 (full 0):
 garbage-first heap   total 126976K, used 93542K [0x0000000084a00000, 0x0000000084b003e0, 0x0000000100000000)
  region size 1024K, 74 young (75776K), 5 survivors (5120K)
 Metaspace       used 53190K, capacity 57624K, committed 57856K, reserved 1093632K
  class space    used 11536K, capacity 13299K, committed 13312K, reserved 1048576K
Event: 90,348 GC heap after
Heap after GC invocations=13 (full 0):
 garbage-first heap   total 126976K, used 21076K [0x0000000084a00000, 0x0000000084b003e0, 0x0000000100000000)
  region size 1024K, 4 young (4096K), 4 survivors (4096K)
 Metaspace       used 53190K, capacity 57624K, committed 57856K, reserved 1093632K
  class space    used 11536K, capacity 13299K, committed 13312K, reserved 1048576K
}

